2025-10-14 18:52:32 - Request received. POST data: Array
(
    [property_id] => 11
    [visit_date] => 2025-10-24
    [visit_time] => 11:00
    [message] => 1
)

2025-10-14 18:52:32 - DB connection established
2025-10-14 18:52:32 - Inputs: property_id=11, visit_date=2025-10-24, visit_time=11:00
2025-10-14 18:52:32 - Visit datetime: 2025-10-24 11:00:00
2025-10-14 18:52:32 - Found tenant ID: 1
2025-10-14 18:52:32 - Exception: Unknown column 'request_date' in 'field list'
2025-10-14 18:55:46 - Request received. POST data: Array
(
    [property_id] => 11
    [visit_date] => 2025-10-24
    [visit_time] => 11:00
    [message] => 1
)

2025-10-14 18:55:46 - DB connection established
2025-10-14 18:55:46 - Inputs: property_id=11, visit_date=2025-10-24, visit_time=11:00
2025-10-14 18:55:46 - Visit datetime: 2025-10-24 11:00:00
2025-10-14 18:55:46 - Found tenant ID: 1
2025-10-14 18:55:46 - Success: Booking request created
2025-10-14 18:55:46 - Notification created for landlord
2025-10-14 18:57:14 - Request received. POST data: Array
(
    [property_id] => 11
    [visit_date] => 2025-11-08
    [visit_time] => 16:00
    [message] => TITE
)

2025-10-14 18:57:14 - DB connection established
2025-10-14 18:57:14 - Inputs: property_id=11, visit_date=2025-11-08, visit_time=16:00
2025-10-14 18:57:14 - Visit datetime: 2025-11-08 16:00:00
2025-10-14 18:57:14 - Found tenant ID: 1
2025-10-14 18:57:14 - Success: Booking request created
2025-10-14 18:57:14 - Notification created for landlord
2025-10-14 19:04:03 - Request received. POST data: Array
(
    [property_id] => 11
    [visit_date] => 2025-10-24
    [visit_time] => 13:00
    [message] => 1
)

2025-10-14 19:04:03 - DB connection established
2025-10-14 19:04:03 - Inputs: property_id=11, visit_date=2025-10-24, visit_time=13:00
2025-10-14 19:04:03 - Visit datetime: 2025-10-24 13:00:00
2025-10-14 19:04:03 - Found tenant ID: 1
2025-10-14 19:04:03 - Success: Booking request created
2025-10-14 19:04:03 - Notification created for landlord
2025-10-14 19:20:22 - Request received. POST data: Array
(
    [property_id] => 11
    [visit_date] => 2025-11-08
    [visit_time] => 09:00
    [message] => 1
)

2025-10-14 19:20:22 - DB connection established
2025-10-14 19:20:22 - Inputs: property_id=11, visit_date=2025-11-08, visit_time=09:00
2025-10-14 19:20:22 - Visit datetime: 2025-11-08 09:00:00
2025-10-14 19:20:22 - Found tenant ID: 1
2025-10-14 19:20:22 - Success: Booking request created
2025-10-14 19:20:22 - Notification created for landlord
2025-10-15 08:06:56 - Request received. POST data: Array
(
    [property_id] => 12
    [visit_date] => 2025-11-01
    [visit_time] => 16:00
    [message] => sdrftgyhbjuikl
)

2025-10-15 08:06:56 - DB connection established
2025-10-15 08:06:56 - Inputs: property_id=12, visit_date=2025-11-01, visit_time=16:00
2025-10-15 08:06:56 - Visit datetime: 2025-11-01 16:00:00
2025-10-15 08:06:56 - Found tenant ID: 1
2025-10-15 08:06:56 - Success: Booking request created
2025-10-15 08:06:56 - Notification created for landlord
2025-10-15 12:49:56 - Request received. POST data: Array
(
    [property_id] => 12
    [visit_date] => 2025-10-24
    [visit_time] => 14:00
    [message] => hi
)

2025-10-15 12:49:56 - DB connection established
2025-10-15 12:49:56 - Inputs: property_id=12, visit_date=2025-10-24, visit_time=14:00
2025-10-15 12:49:56 - Visit datetime: 2025-10-24 14:00:00
2025-10-15 12:49:56 - Found tenant ID: 1
2025-10-15 12:49:56 - Success: Booking request created
2025-10-15 12:49:56 - Notification created for landlord
