2025-10-14 19:18:25 - Starting process visit request with data: Array
(
    [id] => 3
    [action] => approve
)

2025-10-14 19:18:28 - Starting process visit request with data: Array
(
    [id] => 1
    [action] => reject
)

2025-10-14 19:18:31 - Starting process visit request with data: Array
(
    [id] => 2
    [action] => reject
)

2025-10-14 19:20:40 - Starting process visit request with data: Array
(
    [id] => 4
    [action] => reject
)

2025-10-15 08:07:41 - Starting process visit request with data: Array
(
    [id] => 5
    [action] => reject
)

