[27-Oct-2025 15:05:53 Europe/Berlin] PHP Deprecated:  Constant FILTER_SANITIZE_STRING is deprecated in C:\xampp\htdocs\HomeHub\process-reservation-clean.php on line 32
[27-Oct-2025 15:05:53 Europe/Berlin] PHP Deprecated:  Constant FILTER_SANITIZE_STRING is deprecated in C:\xampp\htdocs\HomeHub\process-reservation-clean.php on line 35
[27-Oct-2025 15:05:53 Europe/Berlin] PHP Deprecated:  Constant FILTER_SANITIZE_STRING is deprecated in C:\xampp\htdocs\HomeHub\process-reservation-clean.php on line 36
[27-Oct-2025 15:05:53 Europe/Berlin] PHP Deprecated:  Constant FILTER_SANITIZE_STRING is deprecated in C:\xampp\htdocs\HomeHub\process-reservation-clean.php on line 38
[27-Oct-2025 15:05:53 Europe/Berlin] Email Config Debug - use_smtp: 1
[27-Oct-2025 15:05:53 Europe/Berlin] Email Config Debug - smtp_host: smtp.gmail.com
[27-Oct-2025 15:05:53 Europe/Berlin] Using SMTP for email to: zachdomingojavellana@gmail.com
[27-Oct-2025 15:05:56 Europe/Berlin] Email sent successfully via SMTP to: zachdomingojavellana@gmail.com
[27-Oct-2025 15:47:58 Europe/Berlin] PHP Deprecated:  Constant FILTER_SANITIZE_STRING is deprecated in C:\xampp\htdocs\HomeHub\process-reservation-clean.php on line 32
[27-Oct-2025 15:47:58 Europe/Berlin] PHP Deprecated:  Constant FILTER_SANITIZE_STRING is deprecated in C:\xampp\htdocs\HomeHub\process-reservation-clean.php on line 35
[27-Oct-2025 15:47:58 Europe/Berlin] PHP Deprecated:  Constant FILTER_SANITIZE_STRING is deprecated in C:\xampp\htdocs\HomeHub\process-reservation-clean.php on line 36
[27-Oct-2025 15:47:58 Europe/Berlin] PHP Deprecated:  Constant FILTER_SANITIZE_STRING is deprecated in C:\xampp\htdocs\HomeHub\process-reservation-clean.php on line 38
[27-Oct-2025 15:47:58 Europe/Berlin] Email Config Debug - use_smtp: 1
[27-Oct-2025 15:47:58 Europe/Berlin] Email Config Debug - smtp_host: smtp.gmail.com
[27-Oct-2025 15:47:58 Europe/Berlin] Using SMTP for email to: zachdomingojavellana@gmail.com
[27-Oct-2025 15:48:01 Europe/Berlin] Email sent successfully via SMTP to: zachdomingojavellana@gmail.com
[27-Oct-2025 15:59:27 Europe/Berlin] PHP Deprecated:  Constant FILTER_SANITIZE_STRING is deprecated in C:\xampp\htdocs\HomeHub\process-reservation-clean.php on line 32
[27-Oct-2025 15:59:27 Europe/Berlin] PHP Deprecated:  Constant FILTER_SANITIZE_STRING is deprecated in C:\xampp\htdocs\HomeHub\process-reservation-clean.php on line 35
[27-Oct-2025 15:59:27 Europe/Berlin] PHP Deprecated:  Constant FILTER_SANITIZE_STRING is deprecated in C:\xampp\htdocs\HomeHub\process-reservation-clean.php on line 36
[27-Oct-2025 15:59:27 Europe/Berlin] PHP Deprecated:  Constant FILTER_SANITIZE_STRING is deprecated in C:\xampp\htdocs\HomeHub\process-reservation-clean.php on line 38
[27-Oct-2025 15:59:27 Europe/Berlin] Email Config Debug - use_smtp: 1
[27-Oct-2025 15:59:27 Europe/Berlin] Email Config Debug - smtp_host: smtp.gmail.com
[27-Oct-2025 15:59:27 Europe/Berlin] Using SMTP for email to: zachdomingojavellana@gmail.com
[27-Oct-2025 15:59:30 Europe/Berlin] Email sent successfully via SMTP to: zachdomingojavellana@gmail.com
[27-Oct-2025 16:13:44 Europe/Berlin] PHP Deprecated:  Constant FILTER_SANITIZE_STRING is deprecated in C:\xampp\htdocs\HomeHub\process-reservation-clean.php on line 32
[27-Oct-2025 16:13:44 Europe/Berlin] PHP Deprecated:  Constant FILTER_SANITIZE_STRING is deprecated in C:\xampp\htdocs\HomeHub\process-reservation-clean.php on line 35
[27-Oct-2025 16:13:44 Europe/Berlin] PHP Deprecated:  Constant FILTER_SANITIZE_STRING is deprecated in C:\xampp\htdocs\HomeHub\process-reservation-clean.php on line 36
[27-Oct-2025 16:13:44 Europe/Berlin] PHP Deprecated:  Constant FILTER_SANITIZE_STRING is deprecated in C:\xampp\htdocs\HomeHub\process-reservation-clean.php on line 38
[27-Oct-2025 16:13:44 Europe/Berlin] Email Config Debug - use_smtp: 1
[27-Oct-2025 16:13:44 Europe/Berlin] Email Config Debug - smtp_host: smtp.gmail.com
[27-Oct-2025 16:13:44 Europe/Berlin] Using SMTP for email to: zachdomingojavellana@gmail.com
[27-Oct-2025 16:13:47 Europe/Berlin] Email sent successfully via SMTP to: zachdomingojavellana@gmail.com
[27-Oct-2025 16:27:02 Europe/Berlin] PHP Deprecated:  Constant FILTER_SANITIZE_STRING is deprecated in C:\xampp\htdocs\HomeHub\process-reservation-clean.php on line 32
[27-Oct-2025 16:27:02 Europe/Berlin] PHP Deprecated:  Constant FILTER_SANITIZE_STRING is deprecated in C:\xampp\htdocs\HomeHub\process-reservation-clean.php on line 35
[27-Oct-2025 16:27:02 Europe/Berlin] PHP Deprecated:  Constant FILTER_SANITIZE_STRING is deprecated in C:\xampp\htdocs\HomeHub\process-reservation-clean.php on line 36
[27-Oct-2025 16:27:02 Europe/Berlin] PHP Deprecated:  Constant FILTER_SANITIZE_STRING is deprecated in C:\xampp\htdocs\HomeHub\process-reservation-clean.php on line 38
[27-Oct-2025 16:27:02 Europe/Berlin] Email Config Debug - use_smtp: 1
[27-Oct-2025 16:27:02 Europe/Berlin] Email Config Debug - smtp_host: smtp.gmail.com
[27-Oct-2025 16:27:02 Europe/Berlin] Using SMTP for email to: zachdomingojavellana@gmail.com
[27-Oct-2025 16:27:05 Europe/Berlin] Email sent successfully via SMTP to: zachdomingojavellana@gmail.com
[27-Oct-2025 16:41:38 Europe/Berlin] PHP Deprecated:  Constant FILTER_SANITIZE_STRING is deprecated in C:\xampp\htdocs\HomeHub\process-reservation-clean.php on line 32
[27-Oct-2025 16:41:38 Europe/Berlin] PHP Deprecated:  Constant FILTER_SANITIZE_STRING is deprecated in C:\xampp\htdocs\HomeHub\process-reservation-clean.php on line 35
[27-Oct-2025 16:41:38 Europe/Berlin] PHP Deprecated:  Constant FILTER_SANITIZE_STRING is deprecated in C:\xampp\htdocs\HomeHub\process-reservation-clean.php on line 36
[27-Oct-2025 16:41:38 Europe/Berlin] PHP Deprecated:  Constant FILTER_SANITIZE_STRING is deprecated in C:\xampp\htdocs\HomeHub\process-reservation-clean.php on line 38
[27-Oct-2025 16:41:38 Europe/Berlin] Email Config Debug - use_smtp: 1
[27-Oct-2025 16:41:38 Europe/Berlin] Email Config Debug - smtp_host: smtp.gmail.com
[27-Oct-2025 16:41:38 Europe/Berlin] Using SMTP for email to: zachdomingojavellana@gmail.com
[27-Oct-2025 16:41:41 Europe/Berlin] Email sent successfully via SMTP to: zachdomingojavellana@gmail.com
[27-Oct-2025 16:44:16 Europe/Berlin] PHP Deprecated:  Constant FILTER_SANITIZE_STRING is deprecated in C:\xampp\htdocs\HomeHub\process-reservation-clean.php on line 32
[27-Oct-2025 16:44:16 Europe/Berlin] PHP Deprecated:  Constant FILTER_SANITIZE_STRING is deprecated in C:\xampp\htdocs\HomeHub\process-reservation-clean.php on line 35
[27-Oct-2025 16:44:16 Europe/Berlin] PHP Deprecated:  Constant FILTER_SANITIZE_STRING is deprecated in C:\xampp\htdocs\HomeHub\process-reservation-clean.php on line 36
[27-Oct-2025 16:44:16 Europe/Berlin] PHP Deprecated:  Constant FILTER_SANITIZE_STRING is deprecated in C:\xampp\htdocs\HomeHub\process-reservation-clean.php on line 38
[27-Oct-2025 16:44:16 Europe/Berlin] Email Config Debug - use_smtp: 1
[27-Oct-2025 16:44:16 Europe/Berlin] Email Config Debug - smtp_host: smtp.gmail.com
[27-Oct-2025 16:44:16 Europe/Berlin] Using SMTP for email to: zachdomingojavellana@gmail.com
[27-Oct-2025 16:44:19 Europe/Berlin] Email sent successfully via SMTP to: zachdomingojavellana@gmail.com
[27-Oct-2025 16:55:27 Europe/Berlin] PHP Deprecated:  Constant FILTER_SANITIZE_STRING is deprecated in C:\xampp\htdocs\HomeHub\process-reservation-clean.php on line 32
[27-Oct-2025 16:55:27 Europe/Berlin] PHP Deprecated:  Constant FILTER_SANITIZE_STRING is deprecated in C:\xampp\htdocs\HomeHub\process-reservation-clean.php on line 35
[27-Oct-2025 16:55:27 Europe/Berlin] PHP Deprecated:  Constant FILTER_SANITIZE_STRING is deprecated in C:\xampp\htdocs\HomeHub\process-reservation-clean.php on line 36
[27-Oct-2025 16:55:27 Europe/Berlin] PHP Deprecated:  Constant FILTER_SANITIZE_STRING is deprecated in C:\xampp\htdocs\HomeHub\process-reservation-clean.php on line 38
[27-Oct-2025 16:55:27 Europe/Berlin] Email Config Debug - use_smtp: 1
[27-Oct-2025 16:55:27 Europe/Berlin] Email Config Debug - smtp_host: smtp.gmail.com
[27-Oct-2025 16:55:27 Europe/Berlin] Using SMTP for email to: zachdomingojavellana@gmail.com
[27-Oct-2025 16:55:30 Europe/Berlin] Email sent successfully via SMTP to: zachdomingojavellana@gmail.com
[27-Oct-2025 16:57:43 Europe/Berlin] PHP Deprecated:  Constant FILTER_SANITIZE_STRING is deprecated in C:\xampp\htdocs\HomeHub\process-reservation-clean.php on line 32
[27-Oct-2025 16:57:43 Europe/Berlin] PHP Deprecated:  Constant FILTER_SANITIZE_STRING is deprecated in C:\xampp\htdocs\HomeHub\process-reservation-clean.php on line 35
[27-Oct-2025 16:57:43 Europe/Berlin] PHP Deprecated:  Constant FILTER_SANITIZE_STRING is deprecated in C:\xampp\htdocs\HomeHub\process-reservation-clean.php on line 36
[27-Oct-2025 16:57:43 Europe/Berlin] PHP Deprecated:  Constant FILTER_SANITIZE_STRING is deprecated in C:\xampp\htdocs\HomeHub\process-reservation-clean.php on line 38
[27-Oct-2025 16:57:43 Europe/Berlin] Email Config Debug - use_smtp: 1
[27-Oct-2025 16:57:43 Europe/Berlin] Email Config Debug - smtp_host: smtp.gmail.com
[27-Oct-2025 16:57:43 Europe/Berlin] Using SMTP for email to: zachdomingojavellana@gmail.com
[27-Oct-2025 16:57:46 Europe/Berlin] Email sent successfully via SMTP to: zachdomingojavellana@gmail.com
[27-Oct-2025 19:08:35 Europe/Berlin] Email Config Debug - use_smtp: 1
[27-Oct-2025 19:08:35 Europe/Berlin] Email Config Debug - smtp_host: smtp.gmail.com
[27-Oct-2025 19:08:35 Europe/Berlin] Using SMTP for email to: zachdomingojavellana@gmail.com
[27-Oct-2025 19:08:38 Europe/Berlin] Email sent successfully via SMTP to: zachdomingojavellana@gmail.com
[27-Oct-2025 21:51:49 Europe/Berlin] 2025-10-27 21:51:49 - Database connected successfully - Array
(
    [host] => localhost
    [database] => homehub
)

[27-Oct-2025 21:51:49 Europe/Berlin] Email Config Debug - use_smtp: 1
[27-Oct-2025 21:51:49 Europe/Berlin] Email Config Debug - smtp_host: smtp.gmail.com
[27-Oct-2025 21:51:49 Europe/Berlin] Using SMTP for email to: zachdomingojavellana@gmail.com
[27-Oct-2025 21:51:53 Europe/Berlin] Email sent successfully via SMTP to: zachdomingojavellana@gmail.com
[27-Oct-2025 22:03:36 UTC] Email Config Debug - use_smtp: 1
[27-Oct-2025 22:03:36 UTC] Email Config Debug - smtp_host: smtp.gmail.com
[27-Oct-2025 22:03:36 UTC] Using SMTP for email to: zachdomingojavellana@gmail.com
[27-Oct-2025 22:03:39 UTC] Email sent successfully via SMTP to: zachdomingojavellana@gmail.com
