2025-10-27 15:55:31 - PROCESS-BOOKING - Starting visit email send
Landlord Email: zachdomingojavellana@gmail.com
Landlord Name: Francis Zachary Domingo
Tenant Name: Tenant Profile
Property: 7894561
Visit Date: 2025-10-28
Visit Time: 15:00
Visit ID: 16
Email send result: SUCCESS
---
2025-10-27 16:46:00 - PROCESS-BOOKING - Starting visit email send
Landlord Email: zachdomingojavellana@gmail.com
Landlord Name: Francis Zachary Domingo
Tenant Name: goods 
Property: 7894561
Visit Date: 2025-10-29
Visit Time: 10:00
Visit ID: 17
Email send result: SUCCESS
---
2025-10-27 16:53:08 - PROCESS-BOOKING - Starting visit email send
Landlord Email: zachdomingojavellana@gmail.com
Landlord Name: Francis Zachary Domingo
Tenant Name: goods 
Property: 7894561
Visit Date: 2025-10-28
Visit Time: 09:00
Visit ID: 18
Email send result: SUCCESS
---
